ARM GAS  C:\Users\User\AppData\Local\Temp\cc1dThjY.s 			page 1


   1              		.cpu cortex-m4
   2              		.arch armv7e-m
   3              		.fpu fpv4-sp-d16
   4              		.eabi_attribute 27, 1
   5              		.eabi_attribute 28, 1
   6              		.eabi_attribute 20, 1
   7              		.eabi_attribute 21, 1
   8              		.eabi_attribute 23, 3
   9              		.eabi_attribute 24, 1
  10              		.eabi_attribute 25, 1
  11              		.eabi_attribute 26, 1
  12              		.eabi_attribute 30, 1
  13              		.eabi_attribute 34, 1
  14              		.eabi_attribute 18, 4
  15              		.file	"gpio.c"
  16              		.text
  17              	.Ltext0:
  18              		.cfi_sections	.debug_frame
  19              		.section	.text.MX_GPIO_Init,"ax",%progbits
  20              		.align	1
  21              		.global	MX_GPIO_Init
  22              		.syntax unified
  23              		.thumb
  24              		.thumb_func
  26              	MX_GPIO_Init:
  27              	.LFB123:
  28              		.file 1 "Core/Src/gpio.c"
   1:Core/Src/gpio.c **** /* USER CODE BEGIN Header */
   2:Core/Src/gpio.c **** /**
   3:Core/Src/gpio.c ****   ******************************************************************************
   4:Core/Src/gpio.c ****   * @file    gpio.c
   5:Core/Src/gpio.c ****   * @brief   This file provides code for the configuration
   6:Core/Src/gpio.c ****   *          of all used GPIO pins.
   7:Core/Src/gpio.c ****   ******************************************************************************
   8:Core/Src/gpio.c ****   * @attention
   9:Core/Src/gpio.c ****   *
  10:Core/Src/gpio.c ****   * Copyright (c) 2022 STMicroelectronics.
  11:Core/Src/gpio.c ****   * All rights reserved.
  12:Core/Src/gpio.c ****   *
  13:Core/Src/gpio.c ****   * This software is licensed under terms that can be found in the LICENSE file
  14:Core/Src/gpio.c ****   * in the root directory of this software component.
  15:Core/Src/gpio.c ****   * If no LICENSE file comes with this software, it is provided AS-IS.
  16:Core/Src/gpio.c ****   *
  17:Core/Src/gpio.c ****   ******************************************************************************
  18:Core/Src/gpio.c ****   */
  19:Core/Src/gpio.c **** /* USER CODE END Header */
  20:Core/Src/gpio.c **** 
  21:Core/Src/gpio.c **** /* Includes ------------------------------------------------------------------*/
  22:Core/Src/gpio.c **** #include "gpio.h"
  23:Core/Src/gpio.c **** 
  24:Core/Src/gpio.c **** /* USER CODE BEGIN 0 */
  25:Core/Src/gpio.c **** 
  26:Core/Src/gpio.c **** /* USER CODE END 0 */
  27:Core/Src/gpio.c **** 
  28:Core/Src/gpio.c **** /*----------------------------------------------------------------------------*/
  29:Core/Src/gpio.c **** /* Configure GPIO                                                             */
  30:Core/Src/gpio.c **** /*----------------------------------------------------------------------------*/
ARM GAS  C:\Users\User\AppData\Local\Temp\cc1dThjY.s 			page 2


  31:Core/Src/gpio.c **** /* USER CODE BEGIN 1 */
  32:Core/Src/gpio.c **** 
  33:Core/Src/gpio.c **** /* USER CODE END 1 */
  34:Core/Src/gpio.c **** 
  35:Core/Src/gpio.c **** /** Configure pins as
  36:Core/Src/gpio.c ****         * Analog
  37:Core/Src/gpio.c ****         * Input
  38:Core/Src/gpio.c ****         * Output
  39:Core/Src/gpio.c ****         * EVENT_OUT
  40:Core/Src/gpio.c ****         * EXTI
  41:Core/Src/gpio.c **** */
  42:Core/Src/gpio.c **** void MX_GPIO_Init(void)
  43:Core/Src/gpio.c **** {
  29              		.loc 1 43 1 view -0
  30              		.cfi_startproc
  31              		@ args = 0, pretend = 0, frame = 32
  32              		@ frame_needed = 0, uses_anonymous_args = 0
  33 0000 70B5     		push	{r4, r5, r6, lr}
  34              	.LCFI0:
  35              		.cfi_def_cfa_offset 16
  36              		.cfi_offset 4, -16
  37              		.cfi_offset 5, -12
  38              		.cfi_offset 6, -8
  39              		.cfi_offset 14, -4
  40 0002 88B0     		sub	sp, sp, #32
  41              	.LCFI1:
  42              		.cfi_def_cfa_offset 48
  44:Core/Src/gpio.c **** 
  45:Core/Src/gpio.c ****   GPIO_InitTypeDef GPIO_InitStruct = {0};
  43              		.loc 1 45 3 view .LVU1
  44              		.loc 1 45 20 is_stmt 0 view .LVU2
  45 0004 0024     		movs	r4, #0
  46 0006 0394     		str	r4, [sp, #12]
  47 0008 0494     		str	r4, [sp, #16]
  48 000a 0594     		str	r4, [sp, #20]
  49 000c 0694     		str	r4, [sp, #24]
  50 000e 0794     		str	r4, [sp, #28]
  46:Core/Src/gpio.c **** 
  47:Core/Src/gpio.c ****   /* GPIO Ports Clock Enable */
  48:Core/Src/gpio.c ****   __HAL_RCC_GPIOF_CLK_ENABLE();
  51              		.loc 1 48 3 is_stmt 1 view .LVU3
  52              	.LBB2:
  53              		.loc 1 48 3 view .LVU4
  54              		.loc 1 48 3 view .LVU5
  55 0010 1F4B     		ldr	r3, .L3
  56 0012 5A69     		ldr	r2, [r3, #20]
  57 0014 42F48002 		orr	r2, r2, #4194304
  58 0018 5A61     		str	r2, [r3, #20]
  59              		.loc 1 48 3 view .LVU6
  60 001a 5A69     		ldr	r2, [r3, #20]
  61 001c 02F48002 		and	r2, r2, #4194304
  62 0020 0092     		str	r2, [sp]
  63              		.loc 1 48 3 view .LVU7
  64 0022 009A     		ldr	r2, [sp]
  65              	.LBE2:
  66              		.loc 1 48 3 view .LVU8
  49:Core/Src/gpio.c ****   __HAL_RCC_GPIOA_CLK_ENABLE();
ARM GAS  C:\Users\User\AppData\Local\Temp\cc1dThjY.s 			page 3


  67              		.loc 1 49 3 view .LVU9
  68              	.LBB3:
  69              		.loc 1 49 3 view .LVU10
  70              		.loc 1 49 3 view .LVU11
  71 0024 5A69     		ldr	r2, [r3, #20]
  72 0026 42F40032 		orr	r2, r2, #131072
  73 002a 5A61     		str	r2, [r3, #20]
  74              		.loc 1 49 3 view .LVU12
  75 002c 5A69     		ldr	r2, [r3, #20]
  76 002e 02F40032 		and	r2, r2, #131072
  77 0032 0192     		str	r2, [sp, #4]
  78              		.loc 1 49 3 view .LVU13
  79 0034 019A     		ldr	r2, [sp, #4]
  80              	.LBE3:
  81              		.loc 1 49 3 view .LVU14
  50:Core/Src/gpio.c ****   __HAL_RCC_GPIOB_CLK_ENABLE();
  82              		.loc 1 50 3 view .LVU15
  83              	.LBB4:
  84              		.loc 1 50 3 view .LVU16
  85              		.loc 1 50 3 view .LVU17
  86 0036 5A69     		ldr	r2, [r3, #20]
  87 0038 42F48022 		orr	r2, r2, #262144
  88 003c 5A61     		str	r2, [r3, #20]
  89              		.loc 1 50 3 view .LVU18
  90 003e 5B69     		ldr	r3, [r3, #20]
  91 0040 03F48023 		and	r3, r3, #262144
  92 0044 0293     		str	r3, [sp, #8]
  93              		.loc 1 50 3 view .LVU19
  94 0046 029B     		ldr	r3, [sp, #8]
  95              	.LBE4:
  96              		.loc 1 50 3 view .LVU20
  51:Core/Src/gpio.c **** 
  52:Core/Src/gpio.c ****   /*Configure GPIO pin Output Level */
  53:Core/Src/gpio.c ****   HAL_GPIO_WritePin(GPIOA, FRONTHIGH_Pin|FROTDAY_Pin|FRONTFOG_Pin|RINDIC_Pin
  97              		.loc 1 53 3 view .LVU21
  98 0048 2246     		mov	r2, r4
  99 004a 40F20371 		movw	r1, #1795
 100 004e 4FF09040 		mov	r0, #1207959552
 101 0052 FFF7FEFF 		bl	HAL_GPIO_WritePin
 102              	.LVL0:
  54:Core/Src/gpio.c ****                           |LINDIC_Pin, GPIO_PIN_RESET);
  55:Core/Src/gpio.c **** 
  56:Core/Src/gpio.c ****   /*Configure GPIO pin Output Level */
  57:Core/Src/gpio.c ****   HAL_GPIO_WritePin(GPIOB, BRAKE_Pin|REARFOG_Pin|FRONTFULL_Pin|SAFELIGHT_Pin
 103              		.loc 1 57 3 view .LVU22
 104 0056 0F4D     		ldr	r5, .L3+4
 105 0058 2246     		mov	r2, r4
 106 005a FB21     		movs	r1, #251
 107 005c 2846     		mov	r0, r5
 108 005e FFF7FEFF 		bl	HAL_GPIO_WritePin
 109              	.LVL1:
  58:Core/Src/gpio.c ****                           |HORN_Pin|REVERSE_Pin|REARPOS_Pin, GPIO_PIN_RESET);
  59:Core/Src/gpio.c **** 
  60:Core/Src/gpio.c ****   /*Configure GPIO pins : PAPin PAPin PAPin PAPin
  61:Core/Src/gpio.c ****                            PAPin */
  62:Core/Src/gpio.c ****   GPIO_InitStruct.Pin = FRONTHIGH_Pin|FROTDAY_Pin|FRONTFOG_Pin|RINDIC_Pin
 110              		.loc 1 62 3 view .LVU23
ARM GAS  C:\Users\User\AppData\Local\Temp\cc1dThjY.s 			page 4


 111              		.loc 1 62 23 is_stmt 0 view .LVU24
 112 0062 40F20373 		movw	r3, #1795
 113 0066 0393     		str	r3, [sp, #12]
  63:Core/Src/gpio.c ****                           |LINDIC_Pin;
  64:Core/Src/gpio.c ****   GPIO_InitStruct.Mode = GPIO_MODE_OUTPUT_PP;
 114              		.loc 1 64 3 is_stmt 1 view .LVU25
 115              		.loc 1 64 24 is_stmt 0 view .LVU26
 116 0068 0126     		movs	r6, #1
 117 006a 0496     		str	r6, [sp, #16]
  65:Core/Src/gpio.c ****   GPIO_InitStruct.Pull = GPIO_NOPULL;
 118              		.loc 1 65 3 is_stmt 1 view .LVU27
 119              		.loc 1 65 24 is_stmt 0 view .LVU28
 120 006c 0594     		str	r4, [sp, #20]
  66:Core/Src/gpio.c ****   GPIO_InitStruct.Speed = GPIO_SPEED_FREQ_LOW;
 121              		.loc 1 66 3 is_stmt 1 view .LVU29
 122              		.loc 1 66 25 is_stmt 0 view .LVU30
 123 006e 0694     		str	r4, [sp, #24]
  67:Core/Src/gpio.c ****   HAL_GPIO_Init(GPIOA, &GPIO_InitStruct);
 124              		.loc 1 67 3 is_stmt 1 view .LVU31
 125 0070 03A9     		add	r1, sp, #12
 126 0072 4FF09040 		mov	r0, #1207959552
 127 0076 FFF7FEFF 		bl	HAL_GPIO_Init
 128              	.LVL2:
  68:Core/Src/gpio.c **** 
  69:Core/Src/gpio.c ****   /*Configure GPIO pins : PBPin PBPin PBPin PBPin
  70:Core/Src/gpio.c ****                            PBPin PBPin PBPin */
  71:Core/Src/gpio.c ****   GPIO_InitStruct.Pin = BRAKE_Pin|REARFOG_Pin|FRONTFULL_Pin|SAFELIGHT_Pin
 129              		.loc 1 71 3 view .LVU32
 130              		.loc 1 71 23 is_stmt 0 view .LVU33
 131 007a FB23     		movs	r3, #251
 132 007c 0393     		str	r3, [sp, #12]
  72:Core/Src/gpio.c ****                           |HORN_Pin|REVERSE_Pin|REARPOS_Pin;
  73:Core/Src/gpio.c ****   GPIO_InitStruct.Mode = GPIO_MODE_OUTPUT_PP;
 133              		.loc 1 73 3 is_stmt 1 view .LVU34
 134              		.loc 1 73 24 is_stmt 0 view .LVU35
 135 007e 0496     		str	r6, [sp, #16]
  74:Core/Src/gpio.c ****   GPIO_InitStruct.Pull = GPIO_NOPULL;
 136              		.loc 1 74 3 is_stmt 1 view .LVU36
 137              		.loc 1 74 24 is_stmt 0 view .LVU37
 138 0080 0594     		str	r4, [sp, #20]
  75:Core/Src/gpio.c ****   GPIO_InitStruct.Speed = GPIO_SPEED_FREQ_LOW;
 139              		.loc 1 75 3 is_stmt 1 view .LVU38
 140              		.loc 1 75 25 is_stmt 0 view .LVU39
 141 0082 0694     		str	r4, [sp, #24]
  76:Core/Src/gpio.c ****   HAL_GPIO_Init(GPIOB, &GPIO_InitStruct);
 142              		.loc 1 76 3 is_stmt 1 view .LVU40
 143 0084 03A9     		add	r1, sp, #12
 144 0086 2846     		mov	r0, r5
 145 0088 FFF7FEFF 		bl	HAL_GPIO_Init
 146              	.LVL3:
  77:Core/Src/gpio.c **** 
  78:Core/Src/gpio.c **** }
 147              		.loc 1 78 1 is_stmt 0 view .LVU41
 148 008c 08B0     		add	sp, sp, #32
 149              	.LCFI2:
 150              		.cfi_def_cfa_offset 16
 151              		@ sp needed
ARM GAS  C:\Users\User\AppData\Local\Temp\cc1dThjY.s 			page 5


 152 008e 70BD     		pop	{r4, r5, r6, pc}
 153              	.L4:
 154              		.align	2
 155              	.L3:
 156 0090 00100240 		.word	1073876992
 157 0094 00040048 		.word	1207960576
 158              		.cfi_endproc
 159              	.LFE123:
 161              		.text
 162              	.Letext0:
 163              		.file 2 "c:\\users\\user\\appdata\\roaming\\code\\user\\globalstorage\\bmd.stm32-for-vscode\\@xpac
 164              		.file 3 "c:\\users\\user\\appdata\\roaming\\code\\user\\globalstorage\\bmd.stm32-for-vscode\\@xpac
 165              		.file 4 "Drivers/CMSIS/Device/ST/STM32F3xx/Include/stm32f303x8.h"
 166              		.file 5 "Drivers/STM32F3xx_HAL_Driver/Inc/stm32f3xx_hal_gpio.h"
ARM GAS  C:\Users\User\AppData\Local\Temp\cc1dThjY.s 			page 6


DEFINED SYMBOLS
                            *ABS*:0000000000000000 gpio.c
C:\Users\User\AppData\Local\Temp\cc1dThjY.s:20     .text.MX_GPIO_Init:0000000000000000 $t
C:\Users\User\AppData\Local\Temp\cc1dThjY.s:26     .text.MX_GPIO_Init:0000000000000000 MX_GPIO_Init
C:\Users\User\AppData\Local\Temp\cc1dThjY.s:156    .text.MX_GPIO_Init:0000000000000090 $d

UNDEFINED SYMBOLS
HAL_GPIO_WritePin
HAL_GPIO_Init
