ARM GAS  C:\Users\User\AppData\Local\Temp\ccXz9cGh.s 			page 1


   1              		.cpu cortex-m4
   2              		.arch armv7e-m
   3              		.fpu fpv4-sp-d16
   4              		.eabi_attribute 27, 1
   5              		.eabi_attribute 28, 1
   6              		.eabi_attribute 20, 1
   7              		.eabi_attribute 21, 1
   8              		.eabi_attribute 23, 3
   9              		.eabi_attribute 24, 1
  10              		.eabi_attribute 25, 1
  11              		.eabi_attribute 26, 1
  12              		.eabi_attribute 30, 1
  13              		.eabi_attribute 34, 1
  14              		.eabi_attribute 18, 4
  15              		.file	"usart.c"
  16              		.text
  17              	.Ltext0:
  18              		.cfi_sections	.debug_frame
  19              		.section	.text.MX_USART2_UART_Init,"ax",%progbits
  20              		.align	1
  21              		.global	MX_USART2_UART_Init
  22              		.syntax unified
  23              		.thumb
  24              		.thumb_func
  26              	MX_USART2_UART_Init:
  27              	.LFB123:
  28              		.file 1 "Core/Src/usart.c"
   1:Core/Src/usart.c **** /* USER CODE BEGIN Header */
   2:Core/Src/usart.c **** /**
   3:Core/Src/usart.c ****   ******************************************************************************
   4:Core/Src/usart.c ****   * @file    usart.c
   5:Core/Src/usart.c ****   * @brief   This file provides code for the configuration
   6:Core/Src/usart.c ****   *          of the USART instances.
   7:Core/Src/usart.c ****   ******************************************************************************
   8:Core/Src/usart.c ****   * @attention
   9:Core/Src/usart.c ****   *
  10:Core/Src/usart.c ****   * Copyright (c) 2022 STMicroelectronics.
  11:Core/Src/usart.c ****   * All rights reserved.
  12:Core/Src/usart.c ****   *
  13:Core/Src/usart.c ****   * This software is licensed under terms that can be found in the LICENSE file
  14:Core/Src/usart.c ****   * in the root directory of this software component.
  15:Core/Src/usart.c ****   * If no LICENSE file comes with this software, it is provided AS-IS.
  16:Core/Src/usart.c ****   *
  17:Core/Src/usart.c ****   ******************************************************************************
  18:Core/Src/usart.c ****   */
  19:Core/Src/usart.c **** /* USER CODE END Header */
  20:Core/Src/usart.c **** /* Includes ------------------------------------------------------------------*/
  21:Core/Src/usart.c **** #include "usart.h"
  22:Core/Src/usart.c **** 
  23:Core/Src/usart.c **** /* USER CODE BEGIN 0 */
  24:Core/Src/usart.c **** 
  25:Core/Src/usart.c **** /* USER CODE END 0 */
  26:Core/Src/usart.c **** 
  27:Core/Src/usart.c **** UART_HandleTypeDef huart2;
  28:Core/Src/usart.c **** 
  29:Core/Src/usart.c **** /* USART2 init function */
  30:Core/Src/usart.c **** 
ARM GAS  C:\Users\User\AppData\Local\Temp\ccXz9cGh.s 			page 2


  31:Core/Src/usart.c **** void MX_USART2_UART_Init(void)
  32:Core/Src/usart.c **** {
  29              		.loc 1 32 1 view -0
  30              		.cfi_startproc
  31              		@ args = 0, pretend = 0, frame = 0
  32              		@ frame_needed = 0, uses_anonymous_args = 0
  33 0000 08B5     		push	{r3, lr}
  34              		.cfi_def_cfa_offset 8
  35              		.cfi_offset 3, -8
  36              		.cfi_offset 14, -4
  33:Core/Src/usart.c **** 
  34:Core/Src/usart.c ****   /* USER CODE BEGIN USART2_Init 0 */
  35:Core/Src/usart.c **** 
  36:Core/Src/usart.c ****   /* USER CODE END USART2_Init 0 */
  37:Core/Src/usart.c **** 
  38:Core/Src/usart.c ****   /* USER CODE BEGIN USART2_Init 1 */
  39:Core/Src/usart.c **** 
  40:Core/Src/usart.c ****   /* USER CODE END USART2_Init 1 */
  41:Core/Src/usart.c ****   huart2.Instance = USART2;
  37              		.loc 1 41 3 view .LVU1
  38              		.loc 1 41 19 is_stmt 0 view .LVU2
  39 0002 0B48     		ldr	r0, .L5
  40 0004 0B4B     		ldr	r3, .L5+4
  41 0006 0360     		str	r3, [r0]
  42:Core/Src/usart.c ****   huart2.Init.BaudRate = 38400;
  42              		.loc 1 42 3 is_stmt 1 view .LVU3
  43              		.loc 1 42 24 is_stmt 0 view .LVU4
  44 0008 4FF41643 		mov	r3, #38400
  45 000c 4360     		str	r3, [r0, #4]
  43:Core/Src/usart.c ****   huart2.Init.WordLength = UART_WORDLENGTH_8B;
  46              		.loc 1 43 3 is_stmt 1 view .LVU5
  47              		.loc 1 43 26 is_stmt 0 view .LVU6
  48 000e 0023     		movs	r3, #0
  49 0010 8360     		str	r3, [r0, #8]
  44:Core/Src/usart.c ****   huart2.Init.StopBits = UART_STOPBITS_1;
  50              		.loc 1 44 3 is_stmt 1 view .LVU7
  51              		.loc 1 44 24 is_stmt 0 view .LVU8
  52 0012 C360     		str	r3, [r0, #12]
  45:Core/Src/usart.c ****   huart2.Init.Parity = UART_PARITY_NONE;
  53              		.loc 1 45 3 is_stmt 1 view .LVU9
  54              		.loc 1 45 22 is_stmt 0 view .LVU10
  55 0014 0361     		str	r3, [r0, #16]
  46:Core/Src/usart.c ****   huart2.Init.Mode = UART_MODE_TX_RX;
  56              		.loc 1 46 3 is_stmt 1 view .LVU11
  57              		.loc 1 46 20 is_stmt 0 view .LVU12
  58 0016 0C22     		movs	r2, #12
  59 0018 4261     		str	r2, [r0, #20]
  47:Core/Src/usart.c ****   huart2.Init.HwFlowCtl = UART_HWCONTROL_NONE;
  60              		.loc 1 47 3 is_stmt 1 view .LVU13
  61              		.loc 1 47 25 is_stmt 0 view .LVU14
  62 001a 8361     		str	r3, [r0, #24]
  48:Core/Src/usart.c ****   huart2.Init.OverSampling = UART_OVERSAMPLING_16;
  63              		.loc 1 48 3 is_stmt 1 view .LVU15
  64              		.loc 1 48 28 is_stmt 0 view .LVU16
  65 001c C361     		str	r3, [r0, #28]
  49:Core/Src/usart.c ****   huart2.Init.OneBitSampling = UART_ONE_BIT_SAMPLE_DISABLE;
  66              		.loc 1 49 3 is_stmt 1 view .LVU17
ARM GAS  C:\Users\User\AppData\Local\Temp\ccXz9cGh.s 			page 3


  67              		.loc 1 49 30 is_stmt 0 view .LVU18
  68 001e 0362     		str	r3, [r0, #32]
  50:Core/Src/usart.c ****   huart2.AdvancedInit.AdvFeatureInit = UART_ADVFEATURE_NO_INIT;
  69              		.loc 1 50 3 is_stmt 1 view .LVU19
  70              		.loc 1 50 38 is_stmt 0 view .LVU20
  71 0020 4362     		str	r3, [r0, #36]
  51:Core/Src/usart.c ****   if (HAL_UART_Init(&huart2) != HAL_OK)
  72              		.loc 1 51 3 is_stmt 1 view .LVU21
  73              		.loc 1 51 7 is_stmt 0 view .LVU22
  74 0022 FFF7FEFF 		bl	HAL_UART_Init
  75              	.LVL0:
  76              		.loc 1 51 6 view .LVU23
  77 0026 00B9     		cbnz	r0, .L4
  78              	.L1:
  52:Core/Src/usart.c ****   {
  53:Core/Src/usart.c ****     Error_Handler();
  54:Core/Src/usart.c ****   }
  55:Core/Src/usart.c ****   /* USER CODE BEGIN USART2_Init 2 */
  56:Core/Src/usart.c **** 
  57:Core/Src/usart.c ****   /* USER CODE END USART2_Init 2 */
  58:Core/Src/usart.c **** 
  59:Core/Src/usart.c **** }
  79              		.loc 1 59 1 view .LVU24
  80 0028 08BD     		pop	{r3, pc}
  81              	.L4:
  53:Core/Src/usart.c ****   }
  82              		.loc 1 53 5 is_stmt 1 view .LVU25
  83 002a FFF7FEFF 		bl	Error_Handler
  84              	.LVL1:
  85              		.loc 1 59 1 is_stmt 0 view .LVU26
  86 002e FBE7     		b	.L1
  87              	.L6:
  88              		.align	2
  89              	.L5:
  90 0030 00000000 		.word	.LANCHOR0
  91 0034 00440040 		.word	1073759232
  92              		.cfi_endproc
  93              	.LFE123:
  95              		.section	.text.HAL_UART_MspInit,"ax",%progbits
  96              		.align	1
  97              		.global	HAL_UART_MspInit
  98              		.syntax unified
  99              		.thumb
 100              		.thumb_func
 102              	HAL_UART_MspInit:
 103              	.LVL2:
 104              	.LFB124:
  60:Core/Src/usart.c **** 
  61:Core/Src/usart.c **** void HAL_UART_MspInit(UART_HandleTypeDef* uartHandle)
  62:Core/Src/usart.c **** {
 105              		.loc 1 62 1 is_stmt 1 view -0
 106              		.cfi_startproc
 107              		@ args = 0, pretend = 0, frame = 32
 108              		@ frame_needed = 0, uses_anonymous_args = 0
 109              		.loc 1 62 1 is_stmt 0 view .LVU28
 110 0000 00B5     		push	{lr}
 111              		.cfi_def_cfa_offset 4
ARM GAS  C:\Users\User\AppData\Local\Temp\ccXz9cGh.s 			page 4


 112              		.cfi_offset 14, -4
 113 0002 89B0     		sub	sp, sp, #36
 114              		.cfi_def_cfa_offset 40
  63:Core/Src/usart.c **** 
  64:Core/Src/usart.c ****   GPIO_InitTypeDef GPIO_InitStruct = {0};
 115              		.loc 1 64 3 is_stmt 1 view .LVU29
 116              		.loc 1 64 20 is_stmt 0 view .LVU30
 117 0004 0023     		movs	r3, #0
 118 0006 0393     		str	r3, [sp, #12]
 119 0008 0493     		str	r3, [sp, #16]
 120 000a 0593     		str	r3, [sp, #20]
 121 000c 0693     		str	r3, [sp, #24]
 122 000e 0793     		str	r3, [sp, #28]
  65:Core/Src/usart.c ****   if(uartHandle->Instance==USART2)
 123              		.loc 1 65 3 is_stmt 1 view .LVU31
 124              		.loc 1 65 16 is_stmt 0 view .LVU32
 125 0010 0268     		ldr	r2, [r0]
 126              		.loc 1 65 5 view .LVU33
 127 0012 184B     		ldr	r3, .L11
 128 0014 9A42     		cmp	r2, r3
 129 0016 02D0     		beq	.L10
 130              	.LVL3:
 131              	.L7:
  66:Core/Src/usart.c ****   {
  67:Core/Src/usart.c ****   /* USER CODE BEGIN USART2_MspInit 0 */
  68:Core/Src/usart.c **** 
  69:Core/Src/usart.c ****   /* USER CODE END USART2_MspInit 0 */
  70:Core/Src/usart.c ****     /* USART2 clock enable */
  71:Core/Src/usart.c ****     __HAL_RCC_USART2_CLK_ENABLE();
  72:Core/Src/usart.c **** 
  73:Core/Src/usart.c ****     __HAL_RCC_GPIOA_CLK_ENABLE();
  74:Core/Src/usart.c ****     /**USART2 GPIO Configuration
  75:Core/Src/usart.c ****     PA2     ------> USART2_TX
  76:Core/Src/usart.c ****     PA15     ------> USART2_RX
  77:Core/Src/usart.c ****     */
  78:Core/Src/usart.c ****     GPIO_InitStruct.Pin = VCP_TX_Pin|VCP_RX_Pin;
  79:Core/Src/usart.c ****     GPIO_InitStruct.Mode = GPIO_MODE_AF_PP;
  80:Core/Src/usart.c ****     GPIO_InitStruct.Pull = GPIO_NOPULL;
  81:Core/Src/usart.c ****     GPIO_InitStruct.Speed = GPIO_SPEED_FREQ_HIGH;
  82:Core/Src/usart.c ****     GPIO_InitStruct.Alternate = GPIO_AF7_USART2;
  83:Core/Src/usart.c ****     HAL_GPIO_Init(GPIOA, &GPIO_InitStruct);
  84:Core/Src/usart.c **** 
  85:Core/Src/usart.c ****     /* USART2 interrupt Init */
  86:Core/Src/usart.c ****     HAL_NVIC_SetPriority(USART2_IRQn, 0, 0);
  87:Core/Src/usart.c ****     HAL_NVIC_EnableIRQ(USART2_IRQn);
  88:Core/Src/usart.c ****   /* USER CODE BEGIN USART2_MspInit 1 */
  89:Core/Src/usart.c **** 
  90:Core/Src/usart.c ****   /* USER CODE END USART2_MspInit 1 */
  91:Core/Src/usart.c ****   }
  92:Core/Src/usart.c **** }
 132              		.loc 1 92 1 view .LVU34
 133 0018 09B0     		add	sp, sp, #36
 134              		.cfi_remember_state
 135              		.cfi_def_cfa_offset 4
 136              		@ sp needed
 137 001a 5DF804FB 		ldr	pc, [sp], #4
 138              	.LVL4:
ARM GAS  C:\Users\User\AppData\Local\Temp\ccXz9cGh.s 			page 5


 139              	.L10:
 140              		.cfi_restore_state
  71:Core/Src/usart.c **** 
 141              		.loc 1 71 5 is_stmt 1 view .LVU35
 142              	.LBB2:
  71:Core/Src/usart.c **** 
 143              		.loc 1 71 5 view .LVU36
  71:Core/Src/usart.c **** 
 144              		.loc 1 71 5 view .LVU37
 145 001e 03F5E633 		add	r3, r3, #117760
 146 0022 DA69     		ldr	r2, [r3, #28]
 147 0024 42F40032 		orr	r2, r2, #131072
 148 0028 DA61     		str	r2, [r3, #28]
  71:Core/Src/usart.c **** 
 149              		.loc 1 71 5 view .LVU38
 150 002a DA69     		ldr	r2, [r3, #28]
 151 002c 02F40032 		and	r2, r2, #131072
 152 0030 0192     		str	r2, [sp, #4]
  71:Core/Src/usart.c **** 
 153              		.loc 1 71 5 view .LVU39
 154 0032 019A     		ldr	r2, [sp, #4]
 155              	.LBE2:
  71:Core/Src/usart.c **** 
 156              		.loc 1 71 5 view .LVU40
  73:Core/Src/usart.c ****     /**USART2 GPIO Configuration
 157              		.loc 1 73 5 view .LVU41
 158              	.LBB3:
  73:Core/Src/usart.c ****     /**USART2 GPIO Configuration
 159              		.loc 1 73 5 view .LVU42
  73:Core/Src/usart.c ****     /**USART2 GPIO Configuration
 160              		.loc 1 73 5 view .LVU43
 161 0034 5A69     		ldr	r2, [r3, #20]
 162 0036 42F40032 		orr	r2, r2, #131072
 163 003a 5A61     		str	r2, [r3, #20]
  73:Core/Src/usart.c ****     /**USART2 GPIO Configuration
 164              		.loc 1 73 5 view .LVU44
 165 003c 5B69     		ldr	r3, [r3, #20]
 166 003e 03F40033 		and	r3, r3, #131072
 167 0042 0293     		str	r3, [sp, #8]
  73:Core/Src/usart.c ****     /**USART2 GPIO Configuration
 168              		.loc 1 73 5 view .LVU45
 169 0044 029B     		ldr	r3, [sp, #8]
 170              	.LBE3:
  73:Core/Src/usart.c ****     /**USART2 GPIO Configuration
 171              		.loc 1 73 5 view .LVU46
  78:Core/Src/usart.c ****     GPIO_InitStruct.Mode = GPIO_MODE_AF_PP;
 172              		.loc 1 78 5 view .LVU47
  78:Core/Src/usart.c ****     GPIO_InitStruct.Mode = GPIO_MODE_AF_PP;
 173              		.loc 1 78 25 is_stmt 0 view .LVU48
 174 0046 48F20403 		movw	r3, #32772
 175 004a 0393     		str	r3, [sp, #12]
  79:Core/Src/usart.c ****     GPIO_InitStruct.Pull = GPIO_NOPULL;
 176              		.loc 1 79 5 is_stmt 1 view .LVU49
  79:Core/Src/usart.c ****     GPIO_InitStruct.Pull = GPIO_NOPULL;
 177              		.loc 1 79 26 is_stmt 0 view .LVU50
 178 004c 0223     		movs	r3, #2
 179 004e 0493     		str	r3, [sp, #16]
ARM GAS  C:\Users\User\AppData\Local\Temp\ccXz9cGh.s 			page 6


  80:Core/Src/usart.c ****     GPIO_InitStruct.Speed = GPIO_SPEED_FREQ_HIGH;
 180              		.loc 1 80 5 is_stmt 1 view .LVU51
  81:Core/Src/usart.c ****     GPIO_InitStruct.Alternate = GPIO_AF7_USART2;
 181              		.loc 1 81 5 view .LVU52
  81:Core/Src/usart.c ****     GPIO_InitStruct.Alternate = GPIO_AF7_USART2;
 182              		.loc 1 81 27 is_stmt 0 view .LVU53
 183 0050 0323     		movs	r3, #3
 184 0052 0693     		str	r3, [sp, #24]
  82:Core/Src/usart.c ****     HAL_GPIO_Init(GPIOA, &GPIO_InitStruct);
 185              		.loc 1 82 5 is_stmt 1 view .LVU54
  82:Core/Src/usart.c ****     HAL_GPIO_Init(GPIOA, &GPIO_InitStruct);
 186              		.loc 1 82 31 is_stmt 0 view .LVU55
 187 0054 0723     		movs	r3, #7
 188 0056 0793     		str	r3, [sp, #28]
  83:Core/Src/usart.c **** 
 189              		.loc 1 83 5 is_stmt 1 view .LVU56
 190 0058 03A9     		add	r1, sp, #12
 191 005a 4FF09040 		mov	r0, #1207959552
 192              	.LVL5:
  83:Core/Src/usart.c **** 
 193              		.loc 1 83 5 is_stmt 0 view .LVU57
 194 005e FFF7FEFF 		bl	HAL_GPIO_Init
 195              	.LVL6:
  86:Core/Src/usart.c ****     HAL_NVIC_EnableIRQ(USART2_IRQn);
 196              		.loc 1 86 5 is_stmt 1 view .LVU58
 197 0062 0022     		movs	r2, #0
 198 0064 1146     		mov	r1, r2
 199 0066 2620     		movs	r0, #38
 200 0068 FFF7FEFF 		bl	HAL_NVIC_SetPriority
 201              	.LVL7:
  87:Core/Src/usart.c ****   /* USER CODE BEGIN USART2_MspInit 1 */
 202              		.loc 1 87 5 view .LVU59
 203 006c 2620     		movs	r0, #38
 204 006e FFF7FEFF 		bl	HAL_NVIC_EnableIRQ
 205              	.LVL8:
 206              		.loc 1 92 1 is_stmt 0 view .LVU60
 207 0072 D1E7     		b	.L7
 208              	.L12:
 209              		.align	2
 210              	.L11:
 211 0074 00440040 		.word	1073759232
 212              		.cfi_endproc
 213              	.LFE124:
 215              		.section	.text.HAL_UART_MspDeInit,"ax",%progbits
 216              		.align	1
 217              		.global	HAL_UART_MspDeInit
 218              		.syntax unified
 219              		.thumb
 220              		.thumb_func
 222              	HAL_UART_MspDeInit:
 223              	.LVL9:
 224              	.LFB125:
  93:Core/Src/usart.c **** 
  94:Core/Src/usart.c **** void HAL_UART_MspDeInit(UART_HandleTypeDef* uartHandle)
  95:Core/Src/usart.c **** {
 225              		.loc 1 95 1 is_stmt 1 view -0
 226              		.cfi_startproc
ARM GAS  C:\Users\User\AppData\Local\Temp\ccXz9cGh.s 			page 7


 227              		@ args = 0, pretend = 0, frame = 0
 228              		@ frame_needed = 0, uses_anonymous_args = 0
 229              		.loc 1 95 1 is_stmt 0 view .LVU62
 230 0000 08B5     		push	{r3, lr}
 231              		.cfi_def_cfa_offset 8
 232              		.cfi_offset 3, -8
 233              		.cfi_offset 14, -4
  96:Core/Src/usart.c **** 
  97:Core/Src/usart.c ****   if(uartHandle->Instance==USART2)
 234              		.loc 1 97 3 is_stmt 1 view .LVU63
 235              		.loc 1 97 16 is_stmt 0 view .LVU64
 236 0002 0268     		ldr	r2, [r0]
 237              		.loc 1 97 5 view .LVU65
 238 0004 094B     		ldr	r3, .L17
 239 0006 9A42     		cmp	r2, r3
 240 0008 00D0     		beq	.L16
 241              	.LVL10:
 242              	.L13:
  98:Core/Src/usart.c ****   {
  99:Core/Src/usart.c ****   /* USER CODE BEGIN USART2_MspDeInit 0 */
 100:Core/Src/usart.c **** 
 101:Core/Src/usart.c ****   /* USER CODE END USART2_MspDeInit 0 */
 102:Core/Src/usart.c ****     /* Peripheral clock disable */
 103:Core/Src/usart.c ****     __HAL_RCC_USART2_CLK_DISABLE();
 104:Core/Src/usart.c **** 
 105:Core/Src/usart.c ****     /**USART2 GPIO Configuration
 106:Core/Src/usart.c ****     PA2     ------> USART2_TX
 107:Core/Src/usart.c ****     PA15     ------> USART2_RX
 108:Core/Src/usart.c ****     */
 109:Core/Src/usart.c ****     HAL_GPIO_DeInit(GPIOA, VCP_TX_Pin|VCP_RX_Pin);
 110:Core/Src/usart.c **** 
 111:Core/Src/usart.c ****     /* USART2 interrupt Deinit */
 112:Core/Src/usart.c ****     HAL_NVIC_DisableIRQ(USART2_IRQn);
 113:Core/Src/usart.c ****   /* USER CODE BEGIN USART2_MspDeInit 1 */
 114:Core/Src/usart.c **** 
 115:Core/Src/usart.c ****   /* USER CODE END USART2_MspDeInit 1 */
 116:Core/Src/usart.c ****   }
 117:Core/Src/usart.c **** }
 243              		.loc 1 117 1 view .LVU66
 244 000a 08BD     		pop	{r3, pc}
 245              	.LVL11:
 246              	.L16:
 103:Core/Src/usart.c **** 
 247              		.loc 1 103 5 is_stmt 1 view .LVU67
 248 000c 084A     		ldr	r2, .L17+4
 249 000e D369     		ldr	r3, [r2, #28]
 250 0010 23F40033 		bic	r3, r3, #131072
 251 0014 D361     		str	r3, [r2, #28]
 109:Core/Src/usart.c **** 
 252              		.loc 1 109 5 view .LVU68
 253 0016 48F20401 		movw	r1, #32772
 254 001a 4FF09040 		mov	r0, #1207959552
 255              	.LVL12:
 109:Core/Src/usart.c **** 
 256              		.loc 1 109 5 is_stmt 0 view .LVU69
 257 001e FFF7FEFF 		bl	HAL_GPIO_DeInit
 258              	.LVL13:
ARM GAS  C:\Users\User\AppData\Local\Temp\ccXz9cGh.s 			page 8


 112:Core/Src/usart.c ****   /* USER CODE BEGIN USART2_MspDeInit 1 */
 259              		.loc 1 112 5 is_stmt 1 view .LVU70
 260 0022 2620     		movs	r0, #38
 261 0024 FFF7FEFF 		bl	HAL_NVIC_DisableIRQ
 262              	.LVL14:
 263              		.loc 1 117 1 is_stmt 0 view .LVU71
 264 0028 EFE7     		b	.L13
 265              	.L18:
 266 002a 00BF     		.align	2
 267              	.L17:
 268 002c 00440040 		.word	1073759232
 269 0030 00100240 		.word	1073876992
 270              		.cfi_endproc
 271              	.LFE125:
 273              		.global	huart2
 274              		.section	.bss.huart2,"aw",%nobits
 275              		.align	2
 276              		.set	.LANCHOR0,. + 0
 279              	huart2:
 280 0000 00000000 		.space	132
 280      00000000 
 280      00000000 
 280      00000000 
 280      00000000 
 281              		.text
 282              	.Letext0:
 283              		.file 2 "Drivers/CMSIS/Device/ST/STM32F3xx/Include/stm32f303x8.h"
 284              		.file 3 "c:\\users\\user\\appdata\\roaming\\code\\user\\globalstorage\\bmd.stm32-for-vscode\\@xpac
 285              		.file 4 "c:\\users\\user\\appdata\\roaming\\code\\user\\globalstorage\\bmd.stm32-for-vscode\\@xpac
 286              		.file 5 "Drivers/STM32F3xx_HAL_Driver/Inc/stm32f3xx_hal_def.h"
 287              		.file 6 "Drivers/STM32F3xx_HAL_Driver/Inc/stm32f3xx_hal_gpio.h"
 288              		.file 7 "Drivers/STM32F3xx_HAL_Driver/Inc/stm32f3xx_hal_dma.h"
 289              		.file 8 "Drivers/STM32F3xx_HAL_Driver/Inc/stm32f3xx_hal_uart.h"
 290              		.file 9 "Drivers/STM32F3xx_HAL_Driver/Inc/stm32f3xx_hal_cortex.h"
 291              		.file 10 "Core/Inc/usart.h"
 292              		.file 11 "Core/Inc/main.h"
ARM GAS  C:\Users\User\AppData\Local\Temp\ccXz9cGh.s 			page 9


DEFINED SYMBOLS
                            *ABS*:0000000000000000 usart.c
C:\Users\User\AppData\Local\Temp\ccXz9cGh.s:20     .text.MX_USART2_UART_Init:0000000000000000 $t
C:\Users\User\AppData\Local\Temp\ccXz9cGh.s:26     .text.MX_USART2_UART_Init:0000000000000000 MX_USART2_UART_Init
C:\Users\User\AppData\Local\Temp\ccXz9cGh.s:90     .text.MX_USART2_UART_Init:0000000000000030 $d
C:\Users\User\AppData\Local\Temp\ccXz9cGh.s:96     .text.HAL_UART_MspInit:0000000000000000 $t
C:\Users\User\AppData\Local\Temp\ccXz9cGh.s:102    .text.HAL_UART_MspInit:0000000000000000 HAL_UART_MspInit
C:\Users\User\AppData\Local\Temp\ccXz9cGh.s:211    .text.HAL_UART_MspInit:0000000000000074 $d
C:\Users\User\AppData\Local\Temp\ccXz9cGh.s:216    .text.HAL_UART_MspDeInit:0000000000000000 $t
C:\Users\User\AppData\Local\Temp\ccXz9cGh.s:222    .text.HAL_UART_MspDeInit:0000000000000000 HAL_UART_MspDeInit
C:\Users\User\AppData\Local\Temp\ccXz9cGh.s:268    .text.HAL_UART_MspDeInit:000000000000002c $d
C:\Users\User\AppData\Local\Temp\ccXz9cGh.s:279    .bss.huart2:0000000000000000 huart2
C:\Users\User\AppData\Local\Temp\ccXz9cGh.s:275    .bss.huart2:0000000000000000 $d

UNDEFINED SYMBOLS
HAL_UART_Init
Error_Handler
HAL_GPIO_Init
HAL_NVIC_SetPriority
HAL_NVIC_EnableIRQ
HAL_GPIO_DeInit
HAL_NVIC_DisableIRQ
