Removed Member From Class: ClassName=HELIALights2022V1.0Sheet1 Member=D7
Removed Member From Class: ClassName=HELIALights2022V1.0Sheet1 Member=D8
Removed Member From Class: ClassName=HELIALights2022V1.0Sheet1 Member=R6
Added Member To Class: ClassName=HELIALights2022V1.0Sheet1 Member=Component C2 100u
Added Member To Class: ClassName=HELIALights2022V1.0Sheet1 Member=Component C4 1000u
Added Member To Class: ClassName=HELIALights2022V1.0Sheet1 Member=Component C10 12p
Added Member To Class: ClassName=HELIALights2022V1.0Sheet1 Member=Component C12 0.1u
Added Member To Class: ClassName=HELIALights2022V1.0Sheet1 Member=Component C13 1u
Added Member To Class: ClassName=HELIALights2022V1.0Sheet1 Member=Component C14 10n
Added Member To Class: ClassName=HELIALights2022V1.0Sheet1 Member=Component D2 SS210
Added Member To Class: ClassName=HELIALights2022V1.0Sheet1 Member=Component D4 Green LED
Added Member To Class: ClassName=HELIALights2022V1.0Sheet1 Member=Component D5 MBRM120LT3G
Added Member To Class: ClassName=HELIALights2022V1.0Sheet1 Member=Component D6 MBRM120LT3G
Added Member To Class: ClassName=HELIALights2022V1.0Sheet1 Member=Component J1 430450601
Added Member To Class: ClassName=HELIALights2022V1.0Sheet2 Member=Component J3 430450202
Added Member To Class: ClassName=HELIALights2022V1.0Sheet2 Member=Component J4 430450202
Added Member To Class: ClassName=HELIALights2022V1.0Sheet2 Member=Component J5 430450202
Added Member To Class: ClassName=HELIALights2022V1.0Sheet2 Member=Component J6 430450202
Added Member To Class: ClassName=HELIALights2022V1.0Sheet2 Member=Component J9 430450202
Added Member To Class: ClassName=HELIALights2022V1.0Sheet2 Member=Component J10 430450202
Added Member To Class: ClassName=HELIALights2022V1.0Sheet2 Member=Component J12 430450202
Added Member To Class: ClassName=HELIALights2022V1.0Sheet2 Member=Component J15 431603102
Added Member To Class: ClassName=HELIALights2022V1.0Sheet2 Member=Component Q9 NCE3080K
Added Member To Class: ClassName=HELIALights2022V1.0Sheet1 Member=Component R2 1k
Added Member To Class: ClassName=HELIALights2022V1.0Sheet1 Member=Component R3 10k
Added Member To Class: ClassName=HELIALights2022V1.0Sheet1 Member=Component R5 100k
Added Member To Class: ClassName=HELIALights2022V1.0Sheet1 Member=Component U1 LM2576S-5.0
Added Member To Class: ClassName=HELIALights2022V1.0Sheet1 Member=Component U3 MCP2551-I/SN
Added Member To Class: ClassName=HELIALights2022V1.0Sheet1 Member=Component U4 STM32F103C8T6
Added Member To Class: ClassName=HELIALights2022V1.0Sheet2 Member=Component XF2 3557-2
Added Room: Name=HELIALights2022V1.0Sheet1
Added Room: Name=HELIALights2022V1.0Sheet2
