Removed Pin From Net: NetName=+12 / +24 Pin=F1-1
Removed Pin From Net: NetName=NetD1_2 Pin=F1-2
Removed Member From Class: ClassName=HELIALights2022V1.0Sheet1 Member=F1
Added Component: Designator=F?(FP-1812L035-30DR-MFG)
Add component (AddParameter): Name = "Ambient Temperature Range High"; Value = "+85°C"; VariantName = "[No Variations]"
Add component (AddParameter): Name = "Ambient Temperature Range Low"; Value = "-40°C"; VariantName = "[No Variations]"
Add component (AddParameter): Name = "Automotive"; Value = "No"; VariantName = "[No Variations]"
Add component (AddParameter): Name = "Category"; Value = "Fuse"; VariantName = "[No Variations]"
Add component (AddParameter): Name = "ComponentLink2Description"; Value = "Datasheet"; VariantName = "[No Variations]"
Add component (AddParameter): Name = "ComponentLink2URL"; Value = "https://www.littelfuse.com/~/media/electronics/datasheets/resettable_ptcs/littelfuse_ptc_1812l_datasheet.pdf.pdf"; VariantName = "[No Variations]"
Add component (AddParameter): Name = "Current Rating"; Value = "40A"; VariantName = "[No Variations]"
Add component (AddParameter): Name = "Device Class L1"; Value = "Circuit Protection"; VariantName = "[No Variations]"
Add component (AddParameter): Name = "Device Class L2"; Value = "PTC Resettable Fuses"; VariantName = "[No Variations]"
Add component (AddParameter): Name = "Device Class L3"; Value = "unset"; VariantName = "[No Variations]"
Add component (AddParameter): Name = "Digikey Description"; Value = "PTC RESET FUSE 30V 350MA 1812"; VariantName = "[No Variations]"
Add component (AddParameter): Name = "Height"; Value = "1.25mm"; VariantName = "[No Variations]"
Add component (AddParameter): Name = "Hold Current"; Value = "0.35A"; VariantName = "[No Variations]"
Add component (AddParameter): Name = "Lead Free"; Value = "Yes"; VariantName = "[No Variations]"
Add component (AddParameter): Name = "Manufacturer"; Value = "Littelfuse Inc"; VariantName = "[No Variations]"
Add component (AddParameter): Name = "Manufacturer Part Number"; Value = "1812L035/30DR"; VariantName = "[No Variations]"
Add component (AddParameter): Name = "Mouser Description"; Value = "Resettable Fuses - PPTC PTC 30V POLY 1812 HALOGEN-FREE .35A"; VariantName = "[No Variations]"
Add component (AddParameter): Name = "Octopart"; Value = "https://octopart.com/1812l035%2F30dr-littelfuse-19645438"; VariantName = "[No Variations]"
Add component (AddParameter): Name = "Package"; Value = "0"; VariantName = "[No Variations]"
Add component (AddParameter): Name = "Resistance"; Value = "0.4-1.7O"; VariantName = "[No Variations]"
Add component (AddParameter): Name = "RoHS"; Value = "TRUE"; VariantName = "[No Variations]"
Add component (AddParameter): Name = "Temperature"; Value = "-40°C to +85°C"; VariantName = "[No Variations]"
Add component (AddParameter): Name = "Temperature Range High"; Value = "+85°C"; VariantName = "[No Variations]"
Add component (AddParameter): Name = "Temperature Range Low"; Value = "-40°C"; VariantName = "[No Variations]"
Add component (AddParameter): Name = "Trip Current"; Value = "0.75A"; VariantName = "[No Variations]"
Add component (AddParameter): Name = "Trip Time"; Value = "0.15s"; VariantName = "[No Variations]"
Add component (AddParameter): Name = "Value"; Value = "0.4-1.7O"; VariantName = "[No Variations]"
Add component (AddParameter): Name = "Voltage Rating"; Value = "30V"; VariantName = "[No Variations]"
Added Pin To Net: NetName=+12 / +24 Pin=F?-1
Added Pin To Net: NetName=NetD1_2 Pin=F?-2
Added Member To Class: ClassName=HELIALights2022V1.0Sheet1 Member=Component A1 NUCLEO-F303K8
Added Member To Class: ClassName=HELIALights2022V1.0Sheet1 Member=Component F? 1812L035/30DR
Added Room: Name=HELIALights2022V1.0Sheet1
Added Room: Name=HELIALights2022V1.0Sheet2
