Change Component Designator: OldDesignator=C2 NewDesignator=C3
Change Component Designator: OldDesignator=C3 NewDesignator=C2
Change Component Designator: OldDesignator=C4 NewDesignator=C11
Change Component Designator: OldDesignator=C5 NewDesignator=C10
Change Component Designator: OldDesignator=C6 NewDesignator=C12
Change Component Designator: OldDesignator=C7 NewDesignator=C13
Change Component Designator: OldDesignator=C8 NewDesignator=C14
Change Component Designator: OldDesignator=C9 NewDesignator=C4
Change Component Designator: OldDesignator=C10 NewDesignator=C5
Change Component Designator: OldDesignator=C11 NewDesignator=C6
Change Component Designator: OldDesignator=C12 NewDesignator=C9
Change Component Designator: OldDesignator=C13 NewDesignator=C8
Change Component Designator: OldDesignator=C14 NewDesignator=C7
Change Component Designator: OldDesignator=D2 NewDesignator=D8
Change Component Designator: OldDesignator=D4 NewDesignator=D5
Change Component Designator: OldDesignator=D5 NewDesignator=D7
Change Component Designator: OldDesignator=D6 NewDesignator=D2
Change Component Designator: OldDesignator=D7 NewDesignator=D4
Change Component Designator: OldDesignator=D8 NewDesignator=D6
Change Component Designator: OldDesignator=J1 NewDesignator=J2
Change Component Designator: OldDesignator=J2 NewDesignator=J1
Change Component Designator: OldDesignator=J3 NewDesignator=J15
Change Component Designator: OldDesignator=J4 NewDesignator=J16
Change Component Designator: OldDesignator=J5 NewDesignator=J3
Change Component Designator: OldDesignator=J6 NewDesignator=J4
Change Component Designator: OldDesignator=J7 NewDesignator=J5
Change Component Designator: OldDesignator=J8 NewDesignator=J6
Change Component Designator: OldDesignator=J9 NewDesignator=J7
Change Component Designator: OldDesignator=J10 NewDesignator=J8
Change Component Designator: OldDesignator=J11 NewDesignator=J9
Change Component Designator: OldDesignator=J12 NewDesignator=J11
Change Component Designator: OldDesignator=J13 NewDesignator=J10
Change Component Designator: OldDesignator=J14 NewDesignator=J12
Change Component Designator: OldDesignator=J15 NewDesignator=J13
Change Component Designator: OldDesignator=J16 NewDesignator=J14
Change Component Designator: OldDesignator=Q8 NewDesignator=Q9
Change Component Designator: OldDesignator=Q9 NewDesignator=Q8
Change Component Designator: OldDesignator=R1 NewDesignator=R3
Change Component Designator: OldDesignator=R2 NewDesignator=R1
Change Component Designator: OldDesignator=R3 NewDesignator=R6
Change Component Designator: OldDesignator=R4 NewDesignator=R5
Change Component Designator: OldDesignator=R5 NewDesignator=R4
Change Component Designator: OldDesignator=R6 NewDesignator=R2
Change Component Designator: OldDesignator=U1 NewDesignator=U3
Change Component Designator: OldDesignator=U2 NewDesignator=U1
Change Component Designator: OldDesignator=U3 NewDesignator=U4
Change Component Designator: OldDesignator=U4 NewDesignator=U2
Change Component Designator: OldDesignator=XF1 NewDesignator=XF2
Change Component Designator: OldDesignator=XF2 NewDesignator=XF1
Added Member To Class: ClassName=HELIALights2022V1.0Sheet1 Member=Component C3 1000u
Added Member To Class: ClassName=HELIALights2022V1.0Sheet1 Member=Component C6 100n
Added Member To Class: ClassName=HELIALights2022V1.0Sheet1 Member=Component C8 100n
Added Member To Class: ClassName=HELIALights2022V1.0Sheet1 Member=Component C10 12p
Added Member To Class: ClassName=HELIALights2022V1.0Sheet1 Member=Component C11 12p
Added Member To Class: ClassName=HELIALights2022V1.0Sheet1 Member=Component C12 0.1u
Added Member To Class: ClassName=HELIALights2022V1.0Sheet1 Member=Component C13 1u
Added Member To Class: ClassName=HELIALights2022V1.0Sheet1 Member=Component C14 10n
Added Member To Class: ClassName=HELIALights2022V1.0Sheet1 Member=Component D4 Green LED
Added Member To Class: ClassName=HELIALights2022V1.0Sheet1 Member=Component D6 MBRM120LT3G
Added Member To Class: ClassName=HELIALights2022V1.0Sheet1 Member=Component J2 430450601
Added Member To Class: ClassName=HELIALights2022V1.0Sheet2 Member=Component J5 430450202
Added Member To Class: ClassName=HELIALights2022V1.0Sheet2 Member=Component J6 430450202
Added Member To Class: ClassName=HELIALights2022V1.0Sheet2 Member=Component J9 430450202
Added Member To Class: ClassName=HELIALights2022V1.0Sheet2 Member=Component J10 430450202
Added Member To Class: ClassName=HELIALights2022V1.0Sheet2 Member=Component J12 430450202
Added Member To Class: ClassName=HELIALights2022V1.0Sheet2 Member=Component J14 430450202
Added Member To Class: ClassName=HELIALights2022V1.0Sheet2 Member=Component J15 431603102
Added Member To Class: ClassName=HELIALights2022V1.0Sheet2 Member=Component J16 431603102
Added Member To Class: ClassName=HELIALights2022V1.0Sheet2 Member=Component Q9 NCE3080K
Added Member To Class: ClassName=HELIALights2022V1.0Sheet1 Member=Component R1 2k7
Added Member To Class: ClassName=HELIALights2022V1.0Sheet1 Member=Component R2 1k
Added Member To Class: ClassName=HELIALights2022V1.0Sheet1 Member=Component R5 100k
Added Member To Class: ClassName=HELIALights2022V1.0Sheet1 Member=Component U4 STM32F103C8T6
Added Member To Class: ClassName=HELIALights2022V1.0Sheet2 Member=Component XF2 3557-2
Added Room: Name=HELIALights2022V1.0Sheet1
Added Room: Name=HELIALights2022V1.0Sheet2
