Removed Pin From Net: NetName=GND Pin=C2-2
Removed Pin From Net: NetName=3V3 Pin=C4-1
Removed Pin From Net: NetName=GND Pin=C4-2
Removed Pin From Net: NetName=GND Pin=C5-1
Removed Pin From Net: NetName=3V3 Pin=C5-2
Removed Pin From Net: NetName=GND Pin=C6-1
Removed Pin From Net: NetName=3V3 Pin=C6-2
Removed Pin From Net: NetName=GND Pin=C7-1
Removed Pin From Net: NetName=3V3 Pin=C7-2
Removed Pin From Net: NetName=GND Pin=C8-1
Removed Pin From Net: NetName=3V3 Pin=C8-2
Removed Pin From Net: NetName=GND Pin=C9-1
Removed Pin From Net: NetName=3V3 Pin=C9-2
Removed Pin From Net: NetName=GND Pin=C10-2
Removed Pin From Net: NetName=GND Pin=C11-2
Removed Pin From Net: NetName=MCU_NRST Pin=C12-1
Removed Pin From Net: NetName=GND Pin=C12-2
Removed Pin From Net: NetName=3V3 Pin=C13-2
Removed Pin From Net: NetName=3V3 Pin=C14-2
Removed Pin From Net: NetName=3V3 Pin=D4-2
Removed Pin From Net: NetName=GND Pin=D6-1
Removed Pin From Net: NetName=+12 / +24 Pin=F2-1
Removed Pin From Net: NetName=3V3 Pin=L2-2
Removed Pin From Net: NetName=GND Pin=R2-1
Removed Pin From Net: NetName=GND Pin=R5-1
Removed Pin From Net: NetName=GND Pin=U2-3
Removed Pin From Net: NetName=3V3 Pin=U2-4
Removed Pin From Net: NetName=GND Pin=U2-5
Removed Pin From Net: NetName=3V3 Pin=U4-1
Removed Pin From Net: NetName=MCU_NRST Pin=U4-7
Removed Pin From Net: NetName=GND Pin=U4-8
Removed Pin From Net: NetName=PINRINDIC Pin=U4-13
Removed Pin From Net: NetName=PINLINDIC Pin=U4-14
Removed Pin From Net: NetName=PINBRAKE Pin=U4-15
Removed Pin From Net: NetName=PINREARPOS Pin=U4-16
Removed Pin From Net: NetName=PINREVERSE Pin=U4-17
Removed Pin From Net: NetName=PINREARFOG Pin=U4-18
Removed Pin From Net: NetName=PINFRONTDAY Pin=U4-19
Removed Pin From Net: NetName=PINFRONTFOG Pin=U4-20
Removed Pin From Net: NetName=PINFRONTHIGH Pin=U4-21
Removed Pin From Net: NetName=PINHORN Pin=U4-22
Removed Pin From Net: NetName=GND Pin=U4-23
Removed Pin From Net: NetName=3V3 Pin=U4-24
Removed Pin From Net: NetName=PINSAFELIGHT Pin=U4-25
Removed Pin From Net: NetName=PINSPARE1 Pin=U4-26
Removed Pin From Net: NetName=SWD_DIO Pin=U4-34
Removed Pin From Net: NetName=GND Pin=U4-35
Removed Pin From Net: NetName=3V3 Pin=U4-36
Removed Pin From Net: NetName=SWD_CLK Pin=U4-37
Removed Pin From Net: NetName=CAN_RX Pin=U4-45
Removed Pin From Net: NetName=CAN_TX Pin=U4-46
Removed Pin From Net: NetName=GND Pin=U4-47
Removed Pin From Net: NetName=3V3 Pin=U4-48
Removed Pin From Net: NetName=GND Pin=Y1-2
Removed Pin From Net: NetName=GND Pin=Y1-4
Removed Member From Class: ClassName=HELIALights2022V1.0Sheet1 Member=C3
Removed Member From Class: ClassName=HELIALights2022V1.0Sheet1 Member=C4
Removed Member From Class: ClassName=HELIALights2022V1.0Sheet1 Member=C5
Removed Member From Class: ClassName=HELIALights2022V1.0Sheet1 Member=C6
Removed Member From Class: ClassName=HELIALights2022V1.0Sheet1 Member=C7
Removed Member From Class: ClassName=HELIALights2022V1.0Sheet1 Member=C8
Removed Member From Class: ClassName=HELIALights2022V1.0Sheet1 Member=C9
Removed Member From Class: ClassName=HELIALights2022V1.0Sheet1 Member=C10
Removed Member From Class: ClassName=HELIALights2022V1.0Sheet1 Member=C11
Removed Member From Class: ClassName=HELIALights2022V1.0Sheet1 Member=C12
Removed Member From Class: ClassName=HELIALights2022V1.0Sheet1 Member=C13
Removed Member From Class: ClassName=HELIALights2022V1.0Sheet1 Member=C14
Removed Member From Class: ClassName=HELIALights2022V1.0Sheet1 Member=D4
Removed Member From Class: ClassName=HELIALights2022V1.0Sheet1 Member=D5
Removed Member From Class: ClassName=HELIALights2022V1.0Sheet1 Member=D6
Removed Member From Class: ClassName=HELIALights2022V1.0Sheet1 Member=F2
Removed Member From Class: ClassName=HELIALights2022V1.0Sheet1 Member=L2
Removed Member From Class: ClassName=HELIALights2022V1.0Sheet1 Member=R3
Removed Member From Class: ClassName=HELIALights2022V1.0Sheet1 Member=R4
Removed Member From Class: ClassName=HELIALights2022V1.0Sheet1 Member=R5
Removed Member From Class: ClassName=HELIALights2022V1.0Sheet1 Member=U4
Removed Member From Class: ClassName=HELIALights2022V1.0Sheet1 Member=Y1
Change Component Designator: OldDesignator=C3 NewDesignator=C2
Change Component Designator: OldDesignator=D3 NewDesignator=D2
Change Component Designator: OldDesignator=D5 NewDesignator=D3
Change Component Designator: OldDesignator=D7 NewDesignator=D4
Change Component Designator: OldDesignator=D8 NewDesignator=D5
Change Component Designator: OldDesignator=R3 NewDesignator=R2
Change Component Designator: OldDesignator=U3 NewDesignator=U2
Added Component: Designator=U3(FP-NUCLEO-F303K8-MFG)
Add component (AddParameter): Name = "Automotive"; Value = "No"; VariantName = "[No Variations]"
Add component (AddParameter): Name = "Category"; Value = "IC"; VariantName = "[No Variations]"
Add component (AddParameter): Name = "ComponentLink2Description"; Value = "Datasheet"; VariantName = "[No Variations]"
Add component (AddParameter): Name = "ComponentLink2URL"; Value = "https://www.st.com/content/ccc/resource/technical/document/user_manual/e3/0e/88/05/e8/74/43/a0/DM00231744.pdf/files/DM00231744.pdf/jcr:content/translations/en.DM00231744.pdf"; VariantName = "[No Variations]"
Add component (AddParameter): Name = "Device Class L1"; Value = "Integrated Circuits (ICs)"; VariantName = "[No Variations]"
Add component (AddParameter): Name = "Device Class L2"; Value = "Embedded Processors and Controllers"; VariantName = "[No Variations]"
Add component (AddParameter): Name = "Device Class L3"; Value = "unset"; VariantName = "[No Variations]"
Add component (AddParameter): Name = "Digikey Description"; Value = "NUCLEO-32 STM32F303K8 DEV EVAL"; VariantName = "[No Variations]"
Add component (AddParameter): Name = "Lead Free"; Value = "Yes"; VariantName = "[No Variations]"
Add component (AddParameter): Name = "Manufacturer"; Value = "STMicroelectronics"; VariantName = "[No Variations]"
Add component (AddParameter): Name = "Manufacturer Part Number"; Value = "NUCLEO-F303K8"; VariantName = "[No Variations]"
Add component (AddParameter): Name = "Octopart"; Value = "https://octopart.com/nucleo-f303k8-stmicroelectronics-64723248"; VariantName = "[No Variations]"
Add component (AddParameter): Name = "Package"; Value = "0"; VariantName = "[No Variations]"
Add component (AddParameter): Name = "RoHS"; Value = "TRUE"; VariantName = "[No Variations]"
Change Net Name : Old Net Name=NetD3_1 New Net Name=NetD2_1
Change Net Name : Old Net Name=NetD5_2 New Net Name=NetD3_2
Change Net Name : Old Net Name=NetD7_1 New Net Name=NetD4_1
Change Net Name : Old Net Name=NetD8_1 New Net Name=NetD5_1
Change Net Name : Old Net Name=NetR3_1 New Net Name=NetR2_1
Added Room: Name=HELIALights2022V1.0Sheet1
Added Room: Name=HELIALights2022V1.0Sheet2
