Removed Pin From Net: NetName=GND Pin=J15-B1
Removed Pin From Net: NetName=GND Pin=J15-B2
Removed Pin From Net: NetName=GND Pin=J15-M1
Removed Pin From Net: NetName=GND Pin=J15-M2
Removed Pin From Net: NetName=GND Pin=J16-B1
Removed Pin From Net: NetName=GND Pin=J16-B2
Removed Pin From Net: NetName=GND Pin=J16-M1
Removed Pin From Net: NetName=GND Pin=J16-M2
Change Component Footprint: Designator=J15 Old Footprint=CON_431603102_MOL New Footprint=FP-39-30-0040-MFG
Change Component Footprint: Designator=J16 Old Footprint=CON_431603102_MOL New Footprint=FP-39-30-0040-MFG
Change Component Comment : Designator=J15 Old Comment=431603102 New Comment=39-30-0040
Change Component Comment : Designator=J16 Old Comment=431603102 New Comment=39-30-0040
Change Managed Component Library Link : Designator=J15 Old VaultGUID= New VaultGUID=B7D15EC3-160A-466F-A46C-7801FE6295A7 Old ItemGUID= New ItemGUID=A965FB1C-D7DB-4F1A-A7F6-A45B42A729FD Old RevisionGUID= New RevisionGUID=BAE486D0-C2D3-4DA5-B55C-E15DBF2F3FDA
Change Managed Component Library Link : Designator=J16 Old VaultGUID= New VaultGUID=B7D15EC3-160A-466F-A46C-7801FE6295A7 Old ItemGUID= New ItemGUID=A965FB1C-D7DB-4F1A-A7F6-A45B42A729FD Old RevisionGUID= New RevisionGUID=BAE486D0-C2D3-4DA5-B55C-E15DBF2F3FDA
Change component parameters: Designator = "J15" ("J15"); Footprint = "CON_431603102_MOL"; UniqueID = "\BGCFTACY" ("\BGCFTACY")
Change component parameters (AddParameter): Name = "Automotive"; Value = "No"; VariantName = "[No Variations]"
Change component parameters (AddParameter): Name = "Category"; Value = "Conn"; VariantName = "[No Variations]"
Change component parameters (AddParameter): Name = "ComponentLink2Description"; Value = "Datasheet"; VariantName = "[No Variations]"
Change component parameters (AddParameter): Name = "ComponentLink2URL"; Value = "https://www.molex.com/webdocs/datasheets/pdf/en-us/0039300040_PCB_HEADERS.pdf"; VariantName = "[No Variations]"
Change component parameters (AddParameter): Name = "Conn Gender"; Value = "Male"; VariantName = "[No Variations]"
Change component parameters (AddParameter): Name = "Conn Orientation"; Value = "Right Angle"; VariantName = "[No Variations]"
Change component parameters (AddParameter): Name = "Contact Material"; Value = "Gold,Nickel"; VariantName = "[No Variations]"
Change component parameters (AddParameter): Name = "Current Rating"; Value = "13A"; VariantName = "[No Variations]"
Change component parameters (AddParameter): Name = "Device Class L1"; Value = "Connectors"; VariantName = "[No Variations]"
Change component parameters (AddParameter): Name = "Device Class L2"; Value = "Headers and Wire Housings"; VariantName = "[No Variations]"
Change component parameters (AddParameter): Name = "Device Class L3"; Value = "unset"; VariantName = "[No Variations]"
Change component parameters (AddParameter): Name = "Digikey Description"; Value = "CONN HEADER R/A 4POS 4.2MM"; VariantName = "[No Variations]"
Change component parameters (AddParameter): Name = "Footprint Url"; Value = "https://www.molex.com/pdm_docs/sd/039300040_sd.pdf"; VariantName = "[No Variations]"
Change component parameters (AddParameter): Name = "Lead Free"; Value = "Yes"; VariantName = "[No Variations]"
Change component parameters (AddParameter): Name = "Manufacturer"; Value = "Molex"; VariantName = "[No Variations]"
Change component parameters (AddParameter): Name = "Manufacturer Part Number"; Value = "39-30-0040"; VariantName = "[No Variations]"
Change component parameters (AddParameter): Name = "Mouser Description"; Value = "Headers & Wire Housings 4 CKT R/A HEADER"; VariantName = "[No Variations]"
Change component parameters (AddParameter): Name = "Number Of Contacts"; Value = "4"; VariantName = "[No Variations]"
Change component parameters (AddParameter): Name = "Number Of Rows"; Value = "2"; VariantName = "[No Variations]"
Change component parameters (AddParameter): Name = "Octopart"; Value = "https://octopart.com/39-30-0040-molex-277428"; VariantName = "[No Variations]"
Change component parameters (AddParameter): Name = "Package"; Value = "39-30-0040"; VariantName = "[No Variations]"
Change component parameters (AddParameter): Name = "Pitch"; Value = "4.2mm"; VariantName = "[No Variations]"
Change component parameters (AddParameter): Name = "RoHS"; Value = "TRUE"; VariantName = "[No Variations]"
Change component parameters (AddParameter): Name = "Standoff Height"; Value = "0.4mm"; VariantName = "[No Variations]"
Change component parameters (AddParameter): Name = "Temperature"; Value = "-40°C to +105°C"; VariantName = "[No Variations]"
Change component parameters (AddParameter): Name = "Temperature Range High"; Value = "+105°C"; VariantName = "[No Variations]"
Change component parameters (AddParameter): Name = "Temperature Range Low"; Value = "-40°C"; VariantName = "[No Variations]"
Change component parameters (AddParameter): Name = "Voltage Rating"; Value = "600V"; VariantName = "[No Variations]"
Change component parameters: Designator = "J16" ("J16"); Footprint = "CON_431603102_MOL"; UniqueID = "\GVCPXSTM" ("\GVCPXSTM")
Change component parameters (AddParameter): Name = "Automotive"; Value = "No"; VariantName = "[No Variations]"
Change component parameters (AddParameter): Name = "Category"; Value = "Conn"; VariantName = "[No Variations]"
Change component parameters (AddParameter): Name = "ComponentLink2Description"; Value = "Datasheet"; VariantName = "[No Variations]"
Change component parameters (AddParameter): Name = "ComponentLink2URL"; Value = "https://www.molex.com/webdocs/datasheets/pdf/en-us/0039300040_PCB_HEADERS.pdf"; VariantName = "[No Variations]"
Change component parameters (AddParameter): Name = "Conn Gender"; Value = "Male"; VariantName = "[No Variations]"
Change component parameters (AddParameter): Name = "Conn Orientation"; Value = "Right Angle"; VariantName = "[No Variations]"
Change component parameters (AddParameter): Name = "Contact Material"; Value = "Gold,Nickel"; VariantName = "[No Variations]"
Change component parameters (AddParameter): Name = "Current Rating"; Value = "13A"; VariantName = "[No Variations]"
Change component parameters (AddParameter): Name = "Device Class L1"; Value = "Connectors"; VariantName = "[No Variations]"
Change component parameters (AddParameter): Name = "Device Class L2"; Value = "Headers and Wire Housings"; VariantName = "[No Variations]"
Change component parameters (AddParameter): Name = "Device Class L3"; Value = "unset"; VariantName = "[No Variations]"
Change component parameters (AddParameter): Name = "Digikey Description"; Value = "CONN HEADER R/A 4POS 4.2MM"; VariantName = "[No Variations]"
Change component parameters (AddParameter): Name = "Footprint Url"; Value = "https://www.molex.com/pdm_docs/sd/039300040_sd.pdf"; VariantName = "[No Variations]"
Change component parameters (AddParameter): Name = "Lead Free"; Value = "Yes"; VariantName = "[No Variations]"
Change component parameters (AddParameter): Name = "Manufacturer"; Value = "Molex"; VariantName = "[No Variations]"
Change component parameters (AddParameter): Name = "Manufacturer Part Number"; Value = "39-30-0040"; VariantName = "[No Variations]"
Change component parameters (AddParameter): Name = "Mouser Description"; Value = "Headers & Wire Housings 4 CKT R/A HEADER"; VariantName = "[No Variations]"
Change component parameters (AddParameter): Name = "Number Of Contacts"; Value = "4"; VariantName = "[No Variations]"
Change component parameters (AddParameter): Name = "Number Of Rows"; Value = "2"; VariantName = "[No Variations]"
Change component parameters (AddParameter): Name = "Octopart"; Value = "https://octopart.com/39-30-0040-molex-277428"; VariantName = "[No Variations]"
Change component parameters (AddParameter): Name = "Package"; Value = "39-30-0040"; VariantName = "[No Variations]"
Change component parameters (AddParameter): Name = "Pitch"; Value = "4.2mm"; VariantName = "[No Variations]"
Change component parameters (AddParameter): Name = "RoHS"; Value = "TRUE"; VariantName = "[No Variations]"
Change component parameters (AddParameter): Name = "Standoff Height"; Value = "0.4mm"; VariantName = "[No Variations]"
Change component parameters (AddParameter): Name = "Temperature"; Value = "-40°C to +105°C"; VariantName = "[No Variations]"
Change component parameters (AddParameter): Name = "Temperature Range High"; Value = "+105°C"; VariantName = "[No Variations]"
Change component parameters (AddParameter): Name = "Temperature Range Low"; Value = "-40°C"; VariantName = "[No Variations]"
Change component parameters (AddParameter): Name = "Voltage Rating"; Value = "600V"; VariantName = "[No Variations]"
Added Pin To Net: NetName=GND Pin=J15-3
Added Pin To Net: NetName=GND Pin=J15-4
Added Pin To Net: NetName=GND Pin=J16-3
Added Pin To Net: NetName=GND Pin=J16-4
Added Pin To Net: NetName=NetJ15_1 Pin=J15-1
Added Pin To Net: NetName=NetJ15_1 Pin=J15-2
Added Pin To Net: NetName=NetJ15_1 Pin=XF1-3
Added Pin To Net: NetName=NetJ15_1 Pin=XF1-4
Added Net: Name=NetJ15_1
Added Pin To Net: NetName=NetJ16_1 Pin=J16-1
Added Pin To Net: NetName=NetJ16_1 Pin=J16-2
Added Pin To Net: NetName=NetJ16_1 Pin=XF2-3
Added Pin To Net: NetName=NetJ16_1 Pin=XF2-4
Added Net: Name=NetJ16_1
Added Room: Name=HELIALights2022V1.0Sheet1
Added Room: Name=HELIALights2022V1.0Sheet2
