Removed Pin From Net: NetName=RINDICCONN Pin=J3-1
Removed Pin From Net: NetName=GND Pin=J3-2
Removed Pin From Net: NetName=LINDICCONN Pin=J4-1
Removed Pin From Net: NetName=GND Pin=J4-2
Removed Pin From Net: NetName=BRAKECONN Pin=J5-1
Removed Pin From Net: NetName=GND Pin=J5-2
Removed Pin From Net: NetName=REARPOSCONN Pin=J6-1
Removed Pin From Net: NetName=GND Pin=J6-2
Removed Pin From Net: NetName=REVERSECONN Pin=J7-1
Removed Pin From Net: NetName=GND Pin=J7-2
Removed Pin From Net: NetName=REARFOGCONN Pin=J8-1
Removed Pin From Net: NetName=GND Pin=J8-2
Removed Pin From Net: NetName=FRONTDAYCONN Pin=J9-1
Removed Pin From Net: NetName=GND Pin=J9-2
Removed Pin From Net: NetName=FRONTHIGHCONN Pin=J10-1
Removed Pin From Net: NetName=GND Pin=J10-2
Removed Pin From Net: NetName=FRONTFORGCONN Pin=J11-1
Removed Pin From Net: NetName=GND Pin=J11-2
Removed Pin From Net: NetName=HORNCONN Pin=J12-1
Removed Pin From Net: NetName=GND Pin=J12-2
Removed Pin From Net: NetName=SAFELIGHTCONN Pin=J13-1
Removed Pin From Net: NetName=GND Pin=J13-2
Removed Pin From Net: NetName=SPARECONN Pin=J14-1
Removed Pin From Net: NetName=GND Pin=J14-2
Added Pin To Net: NetName=GND Pin=J3-1
Added Pin To Net: NetName=RINDICCONN Pin=J3-2
Added Pin To Net: NetName=GND Pin=J4-1
Added Pin To Net: NetName=LINDICCONN Pin=J4-2
Added Pin To Net: NetName=GND Pin=J5-1
Added Pin To Net: NetName=BRAKECONN Pin=J5-2
Added Pin To Net: NetName=GND Pin=J6-1
Added Pin To Net: NetName=REARPOSCONN Pin=J6-2
Added Pin To Net: NetName=GND Pin=J7-1
Added Pin To Net: NetName=REVERSECONN Pin=J7-2
Added Pin To Net: NetName=GND Pin=J8-1
Added Pin To Net: NetName=REARFOGCONN Pin=J8-2
Added Pin To Net: NetName=GND Pin=J9-1
Added Pin To Net: NetName=FRONTDAYCONN Pin=J9-2
Added Pin To Net: NetName=GND Pin=J10-1
Added Pin To Net: NetName=FRONTHIGHCONN Pin=J10-2
Added Pin To Net: NetName=GND Pin=J11-1
Added Pin To Net: NetName=FRONTFORGCONN Pin=J11-2
Added Pin To Net: NetName=GND Pin=J12-1
Added Pin To Net: NetName=HORNCONN Pin=J12-2
Added Pin To Net: NetName=GND Pin=J13-1
Added Pin To Net: NetName=SAFELIGHTCONN Pin=J13-2
Added Pin To Net: NetName=GND Pin=J14-1
Added Pin To Net: NetName=SPARECONN Pin=J14-2
Added Room: Name=HELIALights2022V1.0Sheet1
Added Room: Name=HELIALights2022V1.0Sheet2
