Change Component Designator: OldDesignator=D2 NewDesignator=D3
Change Component Designator: OldDesignator=D3 NewDesignator=D2
Change Component Designator: OldDesignator=J1 NewDesignator=J3
Change Component Designator: OldDesignator=J2 NewDesignator=J4
Change Component Designator: OldDesignator=J3 NewDesignator=J1
Change Component Designator: OldDesignator=J4 NewDesignator=J5
Change Component Designator: OldDesignator=J5 NewDesignator=J2
Change Component Designator: OldDesignator=J10 NewDesignator=J11
Change Component Designator: OldDesignator=J11 NewDesignator=J10
Change Component Designator: OldDesignator=J15 NewDesignator=J16
Change Component Designator: OldDesignator=J16 NewDesignator=J15
Change Component Designator: OldDesignator=Q8 NewDesignator=Q9
Change Component Designator: OldDesignator=Q9 NewDesignator=Q8
Change Component Designator: OldDesignator=R1 NewDesignator=R2
Change Component Designator: OldDesignator=R2 NewDesignator=R9
Change Component Designator: OldDesignator=R4 NewDesignator=R10
Change Component Designator: OldDesignator=R5 NewDesignator=R1
Change Component Designator: OldDesignator=R6 NewDesignator=R4
Change Component Designator: OldDesignator=R7 NewDesignator=R11
Change Component Designator: OldDesignator=R8 NewDesignator=R5
Change Component Designator: OldDesignator=R9 NewDesignator=R12
Change Component Designator: OldDesignator=R10 NewDesignator=R6
Change Component Designator: OldDesignator=R11 NewDesignator=R13
Change Component Designator: OldDesignator=R12 NewDesignator=R7
Change Component Designator: OldDesignator=R13 NewDesignator=R14
Change Component Designator: OldDesignator=R14 NewDesignator=R8
Change Component Designator: OldDesignator=R15 NewDesignator=R21
Change Component Designator: OldDesignator=R16 NewDesignator=R15
Change Component Designator: OldDesignator=R18 NewDesignator=R23
Change Component Designator: OldDesignator=R19 NewDesignator=R16
Change Component Designator: OldDesignator=R20 NewDesignator=R22
Change Component Designator: OldDesignator=R21 NewDesignator=R18
Change Component Designator: OldDesignator=R22 NewDesignator=R19
Change Component Designator: OldDesignator=R23 NewDesignator=R24
Change Component Designator: OldDesignator=R24 NewDesignator=R20
Change Component Designator: OldDesignator=XF1 NewDesignator=XF2
Change Component Designator: OldDesignator=XF2 NewDesignator=XF1
Added Component: Designator=P1(HDR2X10)
Add component (AddParameter): Name = "LatestRevisionDate"; Value = "17-Jul-2002"; VariantName = "[No Variations]"
Add component (AddParameter): Name = "LatestRevisionNote"; Value = "Re-released for DXP Platform."; VariantName = "[No Variations]"
Add component (AddParameter): Name = "Publisher"; Value = "Altium Limited"; VariantName = "[No Variations]"
Added Pin To Net: NetName=5V Pin=P1-1
Added Pin To Net: NetName=GND Pin=P1-2
Added Pin To Net: NetName=5V Pin=P1-3
Added Pin To Net: NetName=GND Pin=P1-4
Added Pin To Net: NetName=5V Pin=P1-5
Added Pin To Net: NetName=GND Pin=P1-6
Added Pin To Net: NetName=5V Pin=P1-7
Added Pin To Net: NetName=GND Pin=P1-8
Added Pin To Net: NetName=5V Pin=P1-9
Added Pin To Net: NetName=GND Pin=P1-10
Added Pin To Net: NetName=5V Pin=P1-11
Added Pin To Net: NetName=GND Pin=P1-12
Added Pin To Net: NetName=5V Pin=P1-13
Added Pin To Net: NetName=GND Pin=P1-14
Added Pin To Net: NetName=5V Pin=P1-15
Added Pin To Net: NetName=PA3 Pin=A1-4.10
Added Pin To Net: NetName=PA3 Pin=P1-20
Added Net: Name=PA3
Added Pin To Net: NetName=PA4 Pin=A1-4.9
Added Pin To Net: NetName=PA4 Pin=P1-18
Added Net: Name=PA4
Added Pin To Net: NetName=PA5 Pin=A1-4.8
Added Pin To Net: NetName=PA5 Pin=P1-16
Added Net: Name=PA5
Added Pin To Net: NetName=PA6 Pin=A1-4.7
Added Pin To Net: NetName=PA6 Pin=P1-19
Added Net: Name=PA6
Added Pin To Net: NetName=PA7 Pin=A1-4.6
Added Pin To Net: NetName=PA7 Pin=P1-17
Added Net: Name=PA7
Added Member To Class: ClassName=HELIALights2022V1.0Sheet1 Member=Component D3 MBRM120LT3G
Added Member To Class: ClassName=HELIALights2022V1.0Sheet2 Member=Component J4 430450202
Added Member To Class: ClassName=HELIALights2022V1.0Sheet2 Member=Component J11 430450202
Added Member To Class: ClassName=HELIALights2022V1.0Sheet2 Member=Component J16 39-30-0040
Added Member To Class: ClassName=HELIALights2022V1.0Sheet2 Member=Component P1 Header 10X2
Added Member To Class: ClassName=HELIALights2022V1.0Sheet2 Member=Component Q9 NCE3080K
Added Member To Class: ClassName=HELIALights2022V1.0Sheet1 Member=Component R2 10k
Added Member To Class: ClassName=HELIALights2022V1.0Sheet2 Member=Component R6 10k
Added Member To Class: ClassName=HELIALights2022V1.0Sheet2 Member=Component R10 100k
Added Member To Class: ClassName=HELIALights2022V1.0Sheet2 Member=Component R12 100k
Added Member To Class: ClassName=HELIALights2022V1.0Sheet2 Member=Component R14 100k
Added Member To Class: ClassName=HELIALights2022V1.0Sheet2 Member=Component R15 10k
Added Member To Class: ClassName=HELIALights2022V1.0Sheet2 Member=Component R19 10k
Added Member To Class: ClassName=HELIALights2022V1.0Sheet2 Member=Component R21 100k
Added Member To Class: ClassName=HELIALights2022V1.0Sheet2 Member=Component R22 100k
Added Member To Class: ClassName=HELIALights2022V1.0Sheet2 Member=Component R24 100k
Added Member To Class: ClassName=HELIALights2022V1.0Sheet2 Member=Component XF2 3557-2
Added Room: Name=HELIALights2022V1.0Sheet1
Added Room: Name=HELIALights2022V1.0Sheet2
