Removed Pin From Net: NetName=GND Pin=J15-3
Removed Pin From Net: NetName=GND Pin=J15-4
Removed Pin From Net: NetName=GND Pin=J16-3
Removed Pin From Net: NetName=GND Pin=J16-4
Added Pin To Net: NetName=GND Pin=J15-1
Added Pin To Net: NetName=GND Pin=J15-2
Added Pin To Net: NetName=GND Pin=J16-1
Added Pin To Net: NetName=GND Pin=J16-2
Added Pin To Net: NetName=NetJ15_3 Pin=J15-3
Added Pin To Net: NetName=NetJ15_3 Pin=XF2-4
Added Net: Name=NetJ15_3
Added Pin To Net: NetName=NetJ15_4 Pin=J15-4
Added Pin To Net: NetName=NetJ15_4 Pin=XF2-3
Added Net: Name=NetJ15_4
Added Pin To Net: NetName=NetJ16_3 Pin=J16-3
Added Pin To Net: NetName=NetJ16_3 Pin=J16-4
Added Pin To Net: NetName=NetJ16_3 Pin=XF1-3
Added Pin To Net: NetName=NetJ16_3 Pin=XF1-4
Added Net: Name=NetJ16_3
Added Room: Name=HELIALights2022V1.0Sheet1
Added Room: Name=HELIALights2022V1.0Sheet2
